This is pdfTeX, Version 3.14159265-2.6-1.40.21 (TeX Live 2020/W32TeX) (preloaded format=pdflatex 2020.9.3)  26 OCT 2020 12:05
entering extended mode
 restricted \write18 enabled.
 %&-line parsing enabled.
**과제0_자료구조_B935394_장준희.tex
(./과제0_자료구조_B935394_장준희.tex
LaTeX2e <2020-02-02> patch level 5
L3 programming layer <2020-08-07>
(d:/TexLive/texlive/2020/texmf-dist/tex/latex/base/article.cls
Document Class: article 2019/12/20 v1.4l Standard LaTeX document class
(d:/TexLive/texlive/2020/texmf-dist/tex/latex/base/size10.clo
File: size10.clo 2019/12/20 v1.4l Standard LaTeX file (size option)
)
\c@part=\count168
\c@section=\count169
\c@subsection=\count170
\c@subsubsection=\count171
\c@paragraph=\count172
\c@subparagraph=\count173
\c@figure=\count174
\c@table=\count175
\abovecaptionskip=\skip47
\belowcaptionskip=\skip48
\bibindent=\dimen134
)
(d:/TexLive/texlive/2020/texmf-dist/tex/latex/amsmath/amsmath.sty
Package: amsmath 2020/01/20 v2.17e AMS math features
\@mathmargin=\skip49

For additional information on amsmath, use the `?' option.
(d:/TexLive/texlive/2020/texmf-dist/tex/latex/amsmath/amstext.sty
Package: amstext 2000/06/29 v2.01 AMS text

(d:/TexLive/texlive/2020/texmf-dist/tex/latex/amsmath/amsgen.sty
File: amsgen.sty 1999/11/30 v2.0 generic functions
\@emptytoks=\toks15
\ex@=\dimen135
))
(d:/TexLive/texlive/2020/texmf-dist/tex/latex/amsmath/amsbsy.sty
Package: amsbsy 1999/11/29 v1.2d Bold Symbols
\pmbraise@=\dimen136
)
(d:/TexLive/texlive/2020/texmf-dist/tex/latex/amsmath/amsopn.sty
Package: amsopn 2016/03/08 v2.02 operator names
)
\inf@bad=\count176
LaTeX Info: Redefining \frac on input line 227.
\uproot@=\count177
\leftroot@=\count178
LaTeX Info: Redefining \overline on input line 389.
\classnum@=\count179
\DOTSCASE@=\count180
LaTeX Info: Redefining \ldots on input line 486.
LaTeX Info: Redefining \dots on input line 489.
LaTeX Info: Redefining \cdots on input line 610.
\Mathstrutbox@=\box45
\strutbox@=\box46
\big@size=\dimen137
LaTeX Font Info:    Redeclaring font encoding OML on input line 733.
LaTeX Font Info:    Redeclaring font encoding OMS on input line 734.
\macc@depth=\count181
\c@MaxMatrixCols=\count182
\dotsspace@=\muskip16
\c@parentequation=\count183
\dspbrk@lvl=\count184
\tag@help=\toks16
\row@=\count185
\column@=\count186
\maxfields@=\count187
\andhelp@=\toks17
\eqnshift@=\dimen138
\alignsep@=\dimen139
\tagshift@=\dimen140
\tagwidth@=\dimen141
\totwidth@=\dimen142
\lineht@=\dimen143
\@envbody=\toks18
\multlinegap=\skip50
\multlinetaggap=\skip51
\mathdisplay@stack=\toks19
LaTeX Info: Redefining \[ on input line 2859.
LaTeX Info: Redefining \] on input line 2860.
)
(d:/TexLive/texlive/2020/texmf-dist/tex/latex/amsfonts/amssymb.sty
Package: amssymb 2013/01/14 v3.01 AMS font symbols

(d:/TexLive/texlive/2020/texmf-dist/tex/latex/amsfonts/amsfonts.sty
Package: amsfonts 2013/01/14 v3.01 Basic AMSFonts support
\symAMSa=\mathgroup4
\symAMSb=\mathgroup5
LaTeX Font Info:    Redeclaring math symbol \hbar on input line 98.
LaTeX Font Info:    Overwriting math alphabet `\mathfrak' in version `bold'
(Font)                  U/euf/m/n --> U/euf/b/n on input line 106.
))
(d:/TexLive/texlive/2020/texmf-dist/tex/latex/txfonts/txfonts.sty
Package: txfonts 2008/01/22 v3.2.1
LaTeX Font Info:    Redeclaring symbol font `operators' on input line 21.
LaTeX Font Info:    Overwriting symbol font `operators' in version `normal'
(Font)                  OT1/cmr/m/n --> OT1/txr/m/n on input line 21.
LaTeX Font Info:    Overwriting symbol font `operators' in version `bold'
(Font)                  OT1/cmr/bx/n --> OT1/txr/m/n on input line 21.
LaTeX Font Info:    Overwriting symbol font `operators' in version `bold'
(Font)                  OT1/txr/m/n --> OT1/txr/bx/n on input line 22.
\symitalic=\mathgroup6
LaTeX Font Info:    Overwriting symbol font `italic' in version `bold'
(Font)                  OT1/txr/m/it --> OT1/txr/bx/it on input line 26.
LaTeX Font Info:    Redeclaring math alphabet \mathbf on input line 29.
LaTeX Font Info:    Overwriting math alphabet `\mathbf' in version `normal'
(Font)                  OT1/cmr/bx/n --> OT1/txr/bx/n on input line 29.
LaTeX Font Info:    Overwriting math alphabet `\mathbf' in version `bold'
(Font)                  OT1/cmr/bx/n --> OT1/txr/bx/n on input line 29.
LaTeX Font Info:    Redeclaring math alphabet \mathit on input line 30.
LaTeX Font Info:    Overwriting math alphabet `\mathit' in version `normal'
(Font)                  OT1/cmr/m/it --> OT1/txr/m/it on input line 30.
LaTeX Font Info:    Overwriting math alphabet `\mathit' in version `bold'
(Font)                  OT1/cmr/bx/it --> OT1/txr/m/it on input line 30.
LaTeX Font Info:    Overwriting math alphabet `\mathit' in version `bold'
(Font)                  OT1/txr/m/it --> OT1/txr/bx/it on input line 31.
LaTeX Font Info:    Redeclaring math alphabet \mathsf on input line 40.
LaTeX Font Info:    Overwriting math alphabet `\mathsf' in version `normal'
(Font)                  OT1/cmss/m/n --> OT1/txss/m/n on input line 40.
LaTeX Font Info:    Overwriting math alphabet `\mathsf' in version `bold'
(Font)                  OT1/cmss/bx/n --> OT1/txss/m/n on input line 40.
LaTeX Font Info:    Overwriting math alphabet `\mathsf' in version `bold'
(Font)                  OT1/txss/m/n --> OT1/txss/b/n on input line 41.
LaTeX Font Info:    Redeclaring math alphabet \mathtt on input line 50.
LaTeX Font Info:    Overwriting math alphabet `\mathtt' in version `normal'
(Font)                  OT1/cmtt/m/n --> OT1/txtt/m/n on input line 50.
LaTeX Font Info:    Overwriting math alphabet `\mathtt' in version `bold'
(Font)                  OT1/cmtt/m/n --> OT1/txtt/m/n on input line 50.
LaTeX Font Info:    Overwriting math alphabet `\mathtt' in version `bold'
(Font)                  OT1/txtt/m/n --> OT1/txtt/b/n on input line 51.
LaTeX Font Info:    Redeclaring symbol font `letters' on input line 58.
LaTeX Font Info:    Overwriting symbol font `letters' in version `normal'
(Font)                  OML/cmm/m/it --> OML/txmi/m/it on input line 58.
LaTeX Font Info:    Overwriting symbol font `letters' in version `bold'
(Font)                  OML/cmm/b/it --> OML/txmi/m/it on input line 58.
LaTeX Font Info:    Overwriting symbol font `letters' in version `bold'
(Font)                  OML/txmi/m/it --> OML/txmi/bx/it on input line 59.
\symlettersA=\mathgroup7
LaTeX Font Info:    Overwriting symbol font `lettersA' in version `bold'
(Font)                  U/txmia/m/it --> U/txmia/bx/it on input line 67.
LaTeX Font Info:    Redeclaring math alphabet \mathfrak on input line 70.
LaTeX Font Info:    Redeclaring symbol font `symbols' on input line 77.
LaTeX Font Info:    Overwriting symbol font `symbols' in version `normal'
(Font)                  OMS/cmsy/m/n --> OMS/txsy/m/n on input line 77.
LaTeX Font Info:    Overwriting symbol font `symbols' in version `bold'
(Font)                  OMS/cmsy/b/n --> OMS/txsy/m/n on input line 77.
LaTeX Font Info:    Overwriting symbol font `symbols' in version `bold'
(Font)                  OMS/txsy/m/n --> OMS/txsy/bx/n on input line 78.
LaTeX Font Info:    Redeclaring symbol font `AMSa' on input line 93.
LaTeX Font Info:    Overwriting symbol font `AMSa' in version `normal'
(Font)                  U/msa/m/n --> U/txsya/m/n on input line 93.
LaTeX Font Info:    Overwriting symbol font `AMSa' in version `bold'
(Font)                  U/msa/m/n --> U/txsya/m/n on input line 93.
LaTeX Font Info:    Overwriting symbol font `AMSa' in version `bold'
(Font)                  U/txsya/m/n --> U/txsya/bx/n on input line 94.
LaTeX Font Info:    Redeclaring symbol font `AMSb' on input line 102.
LaTeX Font Info:    Overwriting symbol font `AMSb' in version `normal'
(Font)                  U/msb/m/n --> U/txsyb/m/n on input line 102.
LaTeX Font Info:    Overwriting symbol font `AMSb' in version `bold'
(Font)                  U/msb/m/n --> U/txsyb/m/n on input line 102.
LaTeX Font Info:    Overwriting symbol font `AMSb' in version `bold'
(Font)                  U/txsyb/m/n --> U/txsyb/bx/n on input line 103.
\symsymbolsC=\mathgroup8
LaTeX Font Info:    Overwriting symbol font `symbolsC' in version `bold'
(Font)                  U/txsyc/m/n --> U/txsyc/bx/n on input line 113.
LaTeX Font Info:    Redeclaring symbol font `largesymbols' on input line 120.
LaTeX Font Info:    Overwriting symbol font `largesymbols' in version `normal'
(Font)                  OMX/cmex/m/n --> OMX/txex/m/n on input line 120.
LaTeX Font Info:    Overwriting symbol font `largesymbols' in version `bold'
(Font)                  OMX/cmex/m/n --> OMX/txex/m/n on input line 120.
LaTeX Font Info:    Overwriting symbol font `largesymbols' in version `bold'
(Font)                  OMX/txex/m/n --> OMX/txex/bx/n on input line 121.
\symlargesymbolsA=\mathgroup9
LaTeX Font Info:    Overwriting symbol font `largesymbolsA' in version `bold'
(Font)                  U/txexa/m/n --> U/txexa/bx/n on input line 129.
LaTeX Font Info:    Redeclaring math symbol \mathsterling on input line 164.
LaTeX Info: Redefining \not on input line 1043.
)
(d:/TexLive/texlive/2020/texmf-dist/tex/latex/cjk-ko/kotex.sty
Package: kotex 2015/04/19 v1.6 Korean TeX (ko.TeX)

(d:/TexLive/texlive/2020/texmf-dist/tex/latex/kotex-utf/kotex.cfg)
(d:/TexLive/texlive/2020/texmf-dist/tex/latex/kotex-utf/kotexutf.sty
Package: kotexutf 2015/07/18 v2.1.1 typesetting UTF-8 Korean documents

(d:/TexLive/texlive/2020/texmf-dist/tex/latex/base/inputenc.sty
Package: inputenc 2018/08/11 v1.3c Input encoding file
\inpenc@prehook=\toks20
\inpenc@posthook=\toks21
)
(d:/TexLive/texlive/2020/texmf-dist/tex/plain/kotex-plain/kotexutf-core.tex
\unih@ngulpoint=\count188
\dhucs@emph@raise=\dimen144
)
Now handling font encoding LUC ...
... processing UTF-8 mapping file for font encoding LUC

(d:/TexLive/texlive/2020/texmf-dist/tex/latex/kotex-utf/lucenc.dfu
File: lucenc.dfu 2007/09/05 UTF-8 support for dhucs
   defining Unicode char U+00B7 (decimal 183)
   defining Unicode char U+2018 (decimal 8216)
   defining Unicode char U+2019 (decimal 8217)
   defining Unicode char U+201C (decimal 8220)
   defining Unicode char U+201D (decimal 8221)
   defining Unicode char U+3001 (decimal 12289)
   defining Unicode char U+3002 (decimal 12290)
   defining Unicode char U+3008 (decimal 12296)
   defining Unicode char U+3009 (decimal 12297)
   defining Unicode char U+300A (decimal 12298)
   defining Unicode char U+300B (decimal 12299)
   defining Unicode char U+300C (decimal 12300)
   defining Unicode char U+300D (decimal 12301)
   defining Unicode char U+300E (decimal 12302)
   defining Unicode char U+300F (decimal 12303)
   defining Unicode char U+3010 (decimal 12304)
   defining Unicode char U+3011 (decimal 12305)
   defining Unicode char U+3014 (decimal 12308)
   defining Unicode char U+3015 (decimal 12309)
   defining Unicode char U+3016 (decimal 12310)
   defining Unicode char U+3017 (decimal 12311)
   defining Unicode char U+3018 (decimal 12312)
   defining Unicode char U+3019 (decimal 12313)
   defining Unicode char U+301A (decimal 12314)
   defining Unicode char U+301B (decimal 12315)
   defining Unicode char U+FF01 (decimal 65281)
   defining Unicode char U+FF08 (decimal 65288)
   defining Unicode char U+FF09 (decimal 65289)
   defining Unicode char U+FF0C (decimal 65292)
   defining Unicode char U+FF0E (decimal 65294)
   defining Unicode char U+FF1A (decimal 65306)
   defining Unicode char U+FF1B (decimal 65307)
   defining Unicode char U+FF1C (decimal 65308)
   defining Unicode char U+FF1D (decimal 65309)
   defining Unicode char U+FF1E (decimal 65310)
   defining Unicode char U+FF1F (decimal 65311)
   defining Unicode char U+FF3B (decimal 65339)
   defining Unicode char U+FF3D (decimal 65341)
   defining Unicode char U+FF5B (decimal 65371)
   defining Unicode char U+FF5D (decimal 65373)
   defining Unicode char U+FF61 (decimal 65377)
   defining Unicode char U+FF62 (decimal 65378)
   defining Unicode char U+FF63 (decimal 65379)
   defining Unicode char U+FF64 (decimal 65380)
   defining Unicode char U+FF65 (decimal 65381)
)
\@josa=\count189
\josatoks=\toks22

(d:/TexLive/texlive/2020/texmf-dist/tex/latex/cjk-ko/kolabels-utf.sty
Package: kolabels-utf 2015/03/20 v1.5 UTF-8 Hangul item labels
)))
(d:/TexLive/texlive/2020/texmf-dist/tex/latex/graphics/graphicx.sty
Package: graphicx 2019/11/30 v1.2a Enhanced LaTeX Graphics (DPC,SPQR)

(d:/TexLive/texlive/2020/texmf-dist/tex/latex/graphics/keyval.sty
Package: keyval 2014/10/28 v1.15 key=value parser (DPC)
\KV@toks@=\toks23
)
(d:/TexLive/texlive/2020/texmf-dist/tex/latex/graphics/graphics.sty
Package: graphics 2019/11/30 v1.4a Standard LaTeX Graphics (DPC,SPQR)

(d:/TexLive/texlive/2020/texmf-dist/tex/latex/graphics/trig.sty
Package: trig 2016/01/03 v1.10 sin cos tan (DPC)
)
(d:/TexLive/texlive/2020/texmf-dist/tex/latex/graphics-cfg/graphics.cfg
File: graphics.cfg 2016/06/04 v1.11 sample graphics configuration
)
Package graphics Info: Driver file: pdftex.def on input line 105.

(d:/TexLive/texlive/2020/texmf-dist/tex/latex/graphics-def/pdftex.def
File: pdftex.def 2020/08/26 v1.2 Graphics/color driver for pdftex
))
\Gin@req@height=\dimen145
\Gin@req@width=\dimen146
)
(d:/TexLive/texlive/2020/texmf-dist/tex/latex/caption/caption.sty
Package: caption 2020/08/30 v3.5 Customizing captions (AR)

(d:/TexLive/texlive/2020/texmf-dist/tex/latex/caption/caption3.sty
Package: caption3 2020/08/30 v2.0 caption3 kernel (AR)
\captionmargin=\dimen147
\captionmargin@=\dimen148
\captionwidth=\dimen149
\caption@tempdima=\dimen150
\caption@indent=\dimen151
\caption@parindent=\dimen152
\caption@hangindent=\dimen153
Package caption Info: Standard document class detected.
)
\c@caption@flags=\count190
\c@continuedfloat=\count191
)
(d:/TexLive/texlive/2020/texmf-dist/tex/latex/subfigure/subfigure.sty
Package: subfigure 2002/03/15 v2.1.5 subfigure package
\subfigtopskip=\skip52
\subfigcapskip=\skip53
\subfigcaptopadj=\dimen154
\subfigbottomskip=\skip54
\subfigcapmargin=\dimen155
\subfiglabelskip=\skip55
\c@subfigure=\count192
\c@lofdepth=\count193
\c@subtable=\count194
\c@lotdepth=\count195

****************************************
* Local config file subfigure.cfg used *
****************************************
(d:/TexLive/texlive/2020/texmf-dist/tex/latex/subfigure/subfigure.cfg)
\subfig@top=\skip56
\subfig@bottom=\skip57
)
(d:/TexLive/texlive/2020/texmf-dist/tex/latex/boxedminipage/boxedminipage.sty
Package: boxedminipage 2020/04/19 v1.1 Boxed LaTeX2e minipages
\bmp@box=\box47
\bmp@width=\skip58
\bmp@height=\skip59
)
(d:/TexLive/texlive/2020/texmf-dist/tex/latex/algorithms/algorithm.sty
Package: algorithm 2009/08/24 v0.1 Document Style `algorithm' - floating enviro
nment

(d:/TexLive/texlive/2020/texmf-dist/tex/latex/float/float.sty
Package: float 2001/11/08 v1.3d Float enhancements (AL)
\c@float@type=\count196
\float@exts=\toks24
\float@box=\box48
\@float@everytoks=\toks25
\@floatcapt=\box49
)
(d:/TexLive/texlive/2020/texmf-dist/tex/latex/base/ifthen.sty
Package: ifthen 2014/09/29 v1.1c Standard LaTeX ifthen package (DPC)
)
\@float@every@algorithm=\toks26
\c@algorithm=\count197
)
(d:/TexLive/texlive/2020/texmf-dist/tex/latex/algorithmicx/algpseudocode.sty
Package: algpseudocode 

(d:/TexLive/texlive/2020/texmf-dist/tex/latex/algorithmicx/algorithmicx.sty
Package: algorithmicx 2005/04/27 v1.2 Algorithmicx

Document Style algorithmicx 1.2 - a greatly improved `algorithmic' style
\c@ALG@line=\count198
\c@ALG@rem=\count199
\c@ALG@nested=\count266
\ALG@tlm=\skip60
\ALG@thistlm=\skip61
\c@ALG@Lnr=\count267
\c@ALG@blocknr=\count268
\c@ALG@storecount=\count269
\c@ALG@tmpcounter=\count270
\ALG@tmplength=\skip62
)
Document Style - pseudocode environments for use with the `algorithmicx' style
) (d:/TexLive/texlive/2020/texmf-dist/tex/latex/l3backend/l3backend-pdfmode.def
File: l3backend-pdfmode.def 2020-08-07 L3 backend support: PDF mode
\l__kernel_color_stack_int=\count271
\l__pdf_internal_box=\box50
)
No file 과제0_자료구조_B935394_장준희.aux.
\openout1 = `과제0_자료구조_B935394_장준희.aux'.

LaTeX Font Info:    Checking defaults for OML/txmi/m/it on input line 12.
LaTeX Font Info:    Trying to load font information for OML+txmi on input line 
12.
(d:/TexLive/texlive/2020/texmf-dist/tex/latex/txfonts/omltxmi.fd
File: omltxmi.fd 2000/12/15 v3.1
)
LaTeX Font Info:    ... okay on input line 12.
LaTeX Font Info:    Checking defaults for OMS/txsy/m/n on input line 12.
LaTeX Font Info:    Trying to load font information for OMS+txsy on input line 
12.

(d:/TexLive/texlive/2020/texmf-dist/tex/latex/txfonts/omstxsy.fd
File: omstxsy.fd 2000/12/15 v3.1
)
LaTeX Font Info:    ... okay on input line 12.
LaTeX Font Info:    Checking defaults for OT1/cmr/m/n on input line 12.
LaTeX Font Info:    ... okay on input line 12.
LaTeX Font Info:    Checking defaults for T1/cmr/m/n on input line 12.
LaTeX Font Info:    ... okay on input line 12.
LaTeX Font Info:    Checking defaults for TS1/cmr/m/n on input line 12.
LaTeX Font Info:    ... okay on input line 12.
LaTeX Font Info:    Checking defaults for OMX/txex/m/n on input line 12.
LaTeX Font Info:    Trying to load font information for OMX+txex on input line 
12.

(d:/TexLive/texlive/2020/texmf-dist/tex/latex/txfonts/omxtxex.fd
File: omxtxex.fd 2000/12/15 v3.1
)
LaTeX Font Info:    ... okay on input line 12.
LaTeX Font Info:    Checking defaults for U/txexa/m/n on input line 12.
LaTeX Font Info:    Trying to load font information for U+txexa on input line 1
2.

(d:/TexLive/texlive/2020/texmf-dist/tex/latex/txfonts/utxexa.fd
File: utxexa.fd 2000/12/15 v3.1
)
LaTeX Font Info:    ... okay on input line 12.
LaTeX Font Info:    Checking defaults for LUC/nanummj/m/n on input line 12.
LaTeX Font Info:    Trying to load font information for LUC+nanummj on input li
ne 12.

(d:/TexLive/texlive/2020/texmf-dist/tex/latex/nanumtype1/lucnanummj.fd
File: lucnanummj.fd 2013/02/12 v0.1 Nanum Myeongjo font definitions
)
LaTeX Font Info:    ... okay on input line 12.
LaTeX Font Info:    Trying to load font information for OT1+txr on input line 1
2.

(d:/TexLive/texlive/2020/texmf-dist/tex/latex/txfonts/ot1txr.fd
File: ot1txr.fd 2000/12/15 v3.1
)
(d:/TexLive/texlive/2020/texmf-dist/tex/context/base/mkii/supp-pdf.mkii
[Loading MPS to PDF converter (version 2006.09.02).]
\scratchcounter=\count272
\scratchdimen=\dimen156
\scratchbox=\box51
\nofMPsegments=\count273
\nofMParguments=\count274
\everyMPshowfont=\toks27
\MPscratchCnt=\count275
\MPscratchDim=\dimen157
\MPnumerator=\count276
\makeMPintoPDFobject=\count277
\everyMPtoPDFconversion=\toks28
) (d:/TexLive/texlive/2020/texmf-dist/tex/latex/epstopdf-pkg/epstopdf-base.sty
Package: epstopdf-base 2020-01-24 v2.11 Base part for package epstopdf
Package epstopdf-base Info: Redefining graphics rule for `.eps' on input line 4
85.

(d:/TexLive/texlive/2020/texmf-dist/tex/latex/latexconfig/epstopdf-sys.cfg
File: epstopdf-sys.cfg 2010/07/13 v1.3 Configuration of (r)epstopdf for TeX Liv
e
))
Package caption Info: Begin \AtBeginDocument code.
Package caption Info: float package is loaded.
Package caption Info: subfigure package is loaded.
Package caption Info: End \AtBeginDocument code.
LaTeX Font Info:    Trying to load font information for U+txsya on input line 1
6.

(d:/TexLive/texlive/2020/texmf-dist/tex/latex/txfonts/utxsya.fd
File: utxsya.fd 2000/12/15 v3.1
)
LaTeX Font Info:    Trying to load font information for U+txsyb on input line 1
6.

(d:/TexLive/texlive/2020/texmf-dist/tex/latex/txfonts/utxsyb.fd
File: utxsyb.fd 2000/12/15 v3.1
)
LaTeX Font Info:    Trying to load font information for U+txmia on input line 1
6.

(d:/TexLive/texlive/2020/texmf-dist/tex/latex/txfonts/utxmia.fd
File: utxmia.fd 2000/12/15 v3.1
)
LaTeX Font Info:    Trying to load font information for U+txsyc on input line 1
6.

(d:/TexLive/texlive/2020/texmf-dist/tex/latex/txfonts/utxsyc.fd
File: utxsyc.fd 2000/12/15 v3.1
) [1

{d:/TexLive/texlive/2020/texmf-var/fonts/map/pdftex/updmap/pdftex.map}]
LaTeX Font Info:    Font shape `OT1/txr/b/n' in size <14.4> not available
(Font)              Font shape `OT1/txr/bx/n' tried instead on input line 18.
LaTeX Font Info:    Font shape `LUC/nanummj/b/n' in size <14.4> not available
(Font)              Font shape `LUC/nanummj/bx/n' tried instead on input line 1
8.

Underfull \hbox (badness 10000) in paragraph at lines 19--20

 []

LaTeX Font Info:    Font shape `OT1/txr/b/n' in size <12> not available
(Font)              Font shape `OT1/txr/bx/n' tried instead on input line 21.
LaTeX Font Info:    Font shape `LUC/nanummj/b/n' in size <12> not available
(Font)              Font shape `LUC/nanummj/bx/n' tried instead on input line 2
1.
LaTeX Font Info:    Font shape `OT1/txr/b/n' in size <10> not available
(Font)              Font shape `OT1/txr/bx/n' tried instead on input line 23.
LaTeX Font Info:    Font shape `LUC/nanummj/b/n' in size <10> not available
(Font)              Font shape `LUC/nanummj/bx/n' tried instead on input line 2
3.

Underfull \hbox (badness 10000) in paragraph at lines 36--37

 []


Underfull \hbox (badness 10000) in paragraph at lines 39--42

 []


Underfull \hbox (badness 10000) in paragraph at lines 39--42

 []


Underfull \hbox (badness 10000) in paragraph at lines 39--42

 []

[2]
<pizza.jpg, id=58, 513.92pt x 513.92pt>
File: pizza.jpg Graphic file (type jpg)
<use pizza.jpg>
Package pdftex.def Info: pizza.jpg  used on input line 47.
(pdftex.def)             Requested size: 103.50105pt x 103.49577pt.


LaTeX Warning: Reference `fig:fig1' on page 3 undefined on input line 52.

<yu1.jpg, id=59, 451.6875pt x 615.80063pt>
File: yu1.jpg Graphic file (type jpg)
<use yu1.jpg>
Package pdftex.def Info: yu1.jpg  used on input line 56.
(pdftex.def)             Requested size: 103.50105pt x 141.10497pt.
<yu2.jpg, id=60, 345.6915pt x 345.6915pt>
File: yu2.jpg Graphic file (type jpg)
<use yu2.jpg>
Package pdftex.def Info: yu2.jpg  used on input line 57.
(pdftex.def)             Requested size: 103.50105pt x 103.49725pt.
<yu3.jpg, id=61, 451.6875pt x 253.69781pt>
File: yu3.jpg Graphic file (type jpg)
<use yu3.jpg>
Package pdftex.def Info: yu3.jpg  used on input line 58.
(pdftex.def)             Requested size: 103.50105pt x 58.13248pt.

LaTeX Warning: Reference `fig:fig2' on page 3 undefined on input line 62.

[3 <./pizza.jpg> <./yu1.jpg> <./yu2.jpg> <./yu3.jpg>] [4]
(./과제0_자료구조_B935394_장준희.aux)

LaTeX Warning: There were undefined references.


LaTeX Warning: Label(s) may have changed. Rerun to get cross-references right.

 ) 
Here is how much of TeX's memory you used:
 5590 strings out of 480893
 82498 string characters out of 5908061
 316261 words of memory out of 5000000
 21044 multiletter control sequences out of 15000+600000
 596335 words of font info for 202 fonts, out of 8000000 for 9000
 1141 hyphenation exceptions out of 8191
 39i,10n,43p,327b,374s stack positions out of 5000i,500n,10000p,200000b,80000s
{d:/TexLive/texlive/2020/texmf-dist/fonts/enc/dvips/base/8r.enc}<d:/TexLive/t
exlive/2020/texmf-dist/fonts/type1/public/nanumtype1/nanummjbac.pfb><d:/TexLive
/texlive/2020/texmf-dist/fonts/type1/public/nanumtype1/nanummjbad.pfb><d:/TexLi
ve/texlive/2020/texmf-dist/fonts/type1/public/nanumtype1/nanummjbae.pfb><d:/Tex
Live/texlive/2020/texmf-dist/fonts/type1/public/nanumtype1/nanummjbb0.pfb><d:/T
exLive/texlive/2020/texmf-dist/fonts/type1/public/nanumtype1/nanummjbb2.pfb><d:
/TexLive/texlive/2020/texmf-dist/fonts/type1/public/nanumtype1/nanummjbb3.pfb><
d:/TexLive/texlive/2020/texmf-dist/fonts/type1/public/nanumtype1/nanummjbb4.pfb
><d:/TexLive/texlive/2020/texmf-dist/fonts/type1/public/nanumtype1/nanummjbb8.p
fb><d:/TexLive/texlive/2020/texmf-dist/fonts/type1/public/nanumtype1/nanummjbb9
.pfb><d:/TexLive/texlive/2020/texmf-dist/fonts/type1/public/nanumtype1/nanummjb
bb.pfb><d:/TexLive/texlive/2020/texmf-dist/fonts/type1/public/nanumtype1/nanumm
jbbc.pfb><d:/TexLive/texlive/2020/texmf-dist/fonts/type1/public/nanumtype1/nanu
mmjbbd.pfb><d:/TexLive/texlive/2020/texmf-dist/fonts/type1/public/nanumtype1/na
nummjbc0.pfb><d:/TexLive/texlive/2020/texmf-dist/fonts/type1/public/nanumtype1/
nanummjbc1.pfb><d:/TexLive/texlive/2020/texmf-dist/fonts/type1/public/nanumtype
1/nanummjbc2.pfb><d:/TexLive/texlive/2020/texmf-dist/fonts/type1/public/nanumty
pe1/nanummjbc5.pfb><d:/TexLive/texlive/2020/texmf-dist/fonts/type1/public/nanum
type1/nanummjbc6.pfb><d:/TexLive/texlive/2020/texmf-dist/fonts/type1/public/nan
umtype1/nanummjbc7.pfb><d:/TexLive/texlive/2020/texmf-dist/fonts/type1/public/n
anumtype1/nanummjbc8.pfb><d:/TexLive/texlive/2020/texmf-dist/fonts/type1/public
/nanumtype1/nanummjbc9.pfb><d:/TexLive/texlive/2020/texmf-dist/fonts/type1/publ
ic/nanumtype1/nanummjbcc.pfb><d:/TexLive/texlive/2020/texmf-dist/fonts/type1/pu
blic/nanumtype1/nanummjbcd.pfb><d:/TexLive/texlive/2020/texmf-dist/fonts/type1/
public/nanumtype1/nanummjbcf.pfb><d:/TexLive/texlive/2020/texmf-dist/fonts/type
1/public/nanumtype1/nanummjbd0.pfb><d:/TexLive/texlive/2020/texmf-dist/fonts/ty
pe1/public/nanumtype1/nanummjbd4.pfb><d:/TexLive/texlive/2020/texmf-dist/fonts/
type1/public/nanumtype1/nanummjbd5.pfb><d:/TexLive/texlive/2020/texmf-dist/font
s/type1/public/nanumtype1/nanummjbd6.pfb><d:/TexLive/texlive/2020/texmf-dist/fo
nts/type1/public/nanumtype1/nanummjmac.pfb><d:/TexLive/texlive/2020/texmf-dist/
fonts/type1/public/nanumtype1/nanummjmad.pfb><d:/TexLive/texlive/2020/texmf-dis
t/fonts/type1/public/nanumtype1/nanummjmae.pfb><d:/TexLive/texlive/2020/texmf-d
ist/fonts/type1/public/nanumtype1/nanummjmb0.pfb><d:/TexLive/texlive/2020/texmf
-dist/fonts/type1/public/nanumtype1/nanummjmb2.pfb><d:/TexLive/texlive/2020/tex
mf-dist/fonts/type1/public/nanumtype1/nanummjmb3.pfb><d:/TexLive/texlive/2020/t
exmf-dist/fonts/type1/public/nanumtype1/nanummjmb5.pfb><d:/TexLive/texlive/2020
/texmf-dist/fonts/type1/public/nanumtype1/nanummjmb6.pfb><d:/TexLive/texlive/20
20/texmf-dist/fonts/type1/public/nanumtype1/nanummjmb7.pfb><d:/TexLive/texlive/
2020/texmf-dist/fonts/type1/public/nanumtype1/nanummjmb8.pfb><d:/TexLive/texliv
e/2020/texmf-dist/fonts/type1/public/nanumtype1/nanummjmb9.pfb><d:/TexLive/texl
ive/2020/texmf-dist/fonts/type1/public/nanumtype1/nanummjmba.pfb><d:/TexLive/te
xlive/2020/texmf-dist/fonts/type1/public/nanumtype1/nanummjmbb.pfb><d:/TexLive/
texlive/2020/texmf-dist/fonts/type1/public/nanumtype1/nanummjmbc.pfb><d:/TexLiv
e/texlive/2020/texmf-dist/fonts/type1/public/nanumtype1/nanummjmbd.pfb><d:/TexL
ive/texlive/2020/texmf-dist/fonts/type1/public/nanumtype1/nanummjmc0.pfb><d:/Te
xLive/texlive/2020/texmf-dist/fonts/type1/public/nanumtype1/nanummjmc1.pfb><d:/
TexLive/texlive/2020/texmf-dist/fonts/type1/public/nanumtype1/nanummjmc2.pfb><d
:/TexLive/texlive/2020/texmf-dist/fonts/type1/public/nanumtype1/nanummjmc5.pfb>
<d:/TexLive/texlive/2020/texmf-dist/fonts/type1/public/nanumtype1/nanummjmc6.pf
b><d:/TexLive/texlive/2020/texmf-dist/fonts/type1/public/nanumtype1/nanummjmc7.
pfb><d:/TexLive/texlive/2020/texmf-dist/fonts/type1/public/nanumtype1/nanummjmc
8.pfb><d:/TexLive/texlive/2020/texmf-dist/fonts/type1/public/nanumtype1/nanummj
mc9.pfb><d:/TexLive/texlive/2020/texmf-dist/fonts/type1/public/nanumtype1/nanum
mjmcd.pfb><d:/TexLive/texlive/2020/texmf-dist/fonts/type1/public/nanumtype1/nan
ummjmce.pfb><d:/TexLive/texlive/2020/texmf-dist/fonts/type1/public/nanumtype1/n
anummjmd0.pfb><d:/TexLive/texlive/2020/texmf-dist/fonts/type1/public/nanumtype1
/nanummjmd1.pfb><d:/TexLive/texlive/2020/texmf-dist/fonts/type1/public/nanumtyp
e1/nanummjmd3.pfb><d:/TexLive/texlive/2020/texmf-dist/fonts/type1/public/nanumt
ype1/nanummjmd4.pfb><d:/TexLive/texlive/2020/texmf-dist/fonts/type1/public/nanu
mtype1/nanummjmd5.pfb><d:/TexLive/texlive/2020/texmf-dist/fonts/type1/public/na
numtype1/nanummjmd6.pfb><d:/TexLive/texlive/2020/texmf-dist/fonts/type1/public/
nanumtype1/nanummjmd7.pfb><d:/TexLive/texlive/2020/texmf-dist/fonts/type1/publi
c/txfonts/rtxmi.pfb><d:/TexLive/texlive/2020/texmf-dist/fonts/type1/public/txfo
nts/rtxr.pfb><d:/TexLive/texlive/2020/texmf-dist/fonts/type1/public/txfonts/txs
y.pfb><d:/TexLive/texlive/2020/texmf-dist/fonts/type1/public/txfonts/txsyc.pfb>
<d:/TexLive/texlive/2020/texmf-dist/fonts/type1/urw/times/utmb8a.pfb><d:/TexLiv
e/texlive/2020/texmf-dist/fonts/type1/urw/times/utmr8a.pfb><d:/TexLive/texlive/
2020/texmf-dist/fonts/type1/urw/times/utmri8a.pfb>
Output written on 과제0_자료구조_B935394_장준희.pdf (4 pages, 3923432 
bytes).
PDF statistics:
 288 PDF objects out of 1000 (max. 8388607)
 209 compressed objects within 3 object streams
 0 named destinations out of 1000 (max. 500000)
 21 words of extra memory for PDF output out of 10000 (max. 10000000)

