This is pdfTeX, Version 3.14159265-2.6-1.40.21 (TeX Live 2020/W32TeX) (preloaded format=pdflatex 2020.9.3)  6 NOV 2020 18:18
entering extended mode
 restricted \write18 enabled.
 %&-line parsing enabled.
**hw7_B935394.tex
(./hw7_B935394.tex
LaTeX2e <2020-02-02> patch level 5
L3 programming layer <2020-08-07>
(d:/TexLive/texlive/2020/texmf-dist/tex/latex/base/article.cls
Document Class: article 2019/12/20 v1.4l Standard LaTeX document class
(d:/TexLive/texlive/2020/texmf-dist/tex/latex/base/size11.clo
File: size11.clo 2019/12/20 v1.4l Standard LaTeX file (size option)
)
\c@part=\count168
\c@section=\count169
\c@subsection=\count170
\c@subsubsection=\count171
\c@paragraph=\count172
\c@subparagraph=\count173
\c@figure=\count174
\c@table=\count175
\abovecaptionskip=\skip47
\belowcaptionskip=\skip48
\bibindent=\dimen134
)
(d:/TexLive/texlive/2020/texmf-dist/tex/latex/amsmath/amsmath.sty
Package: amsmath 2020/01/20 v2.17e AMS math features
\@mathmargin=\skip49

For additional information on amsmath, use the `?' option.
(d:/TexLive/texlive/2020/texmf-dist/tex/latex/amsmath/amstext.sty
Package: amstext 2000/06/29 v2.01 AMS text

(d:/TexLive/texlive/2020/texmf-dist/tex/latex/amsmath/amsgen.sty
File: amsgen.sty 1999/11/30 v2.0 generic functions
\@emptytoks=\toks15
\ex@=\dimen135
))
(d:/TexLive/texlive/2020/texmf-dist/tex/latex/amsmath/amsbsy.sty
Package: amsbsy 1999/11/29 v1.2d Bold Symbols
\pmbraise@=\dimen136
)
(d:/TexLive/texlive/2020/texmf-dist/tex/latex/amsmath/amsopn.sty
Package: amsopn 2016/03/08 v2.02 operator names
)
\inf@bad=\count176
LaTeX Info: Redefining \frac on input line 227.
\uproot@=\count177
\leftroot@=\count178
LaTeX Info: Redefining \overline on input line 389.
\classnum@=\count179
\DOTSCASE@=\count180
LaTeX Info: Redefining \ldots on input line 486.
LaTeX Info: Redefining \dots on input line 489.
LaTeX Info: Redefining \cdots on input line 610.
\Mathstrutbox@=\box45
\strutbox@=\box46
\big@size=\dimen137
LaTeX Font Info:    Redeclaring font encoding OML on input line 733.
LaTeX Font Info:    Redeclaring font encoding OMS on input line 734.
\macc@depth=\count181
\c@MaxMatrixCols=\count182
\dotsspace@=\muskip16
\c@parentequation=\count183
\dspbrk@lvl=\count184
\tag@help=\toks16
\row@=\count185
\column@=\count186
\maxfields@=\count187
\andhelp@=\toks17
\eqnshift@=\dimen138
\alignsep@=\dimen139
\tagshift@=\dimen140
\tagwidth@=\dimen141
\totwidth@=\dimen142
\lineht@=\dimen143
\@envbody=\toks18
\multlinegap=\skip50
\multlinetaggap=\skip51
\mathdisplay@stack=\toks19
LaTeX Info: Redefining \[ on input line 2859.
LaTeX Info: Redefining \] on input line 2860.
)
(d:/TexLive/texlive/2020/texmf-dist/tex/latex/amsfonts/amssymb.sty
Package: amssymb 2013/01/14 v3.01 AMS font symbols

(d:/TexLive/texlive/2020/texmf-dist/tex/latex/amsfonts/amsfonts.sty
Package: amsfonts 2013/01/14 v3.01 Basic AMSFonts support
\symAMSa=\mathgroup4
\symAMSb=\mathgroup5
LaTeX Font Info:    Redeclaring math symbol \hbar on input line 98.
LaTeX Font Info:    Overwriting math alphabet `\mathfrak' in version `bold'
(Font)                  U/euf/m/n --> U/euf/b/n on input line 106.
))
(d:/TexLive/texlive/2020/texmf-dist/tex/latex/geometry/geometry.sty
Package: geometry 2020/01/02 v5.9 Page Geometry

(d:/TexLive/texlive/2020/texmf-dist/tex/latex/graphics/keyval.sty
Package: keyval 2014/10/28 v1.15 key=value parser (DPC)
\KV@toks@=\toks20
)
(d:/TexLive/texlive/2020/texmf-dist/tex/generic/iftex/ifvtex.sty
Package: ifvtex 2019/10/25 v1.7 ifvtex legacy package. Use iftex instead.

(d:/TexLive/texlive/2020/texmf-dist/tex/generic/iftex/iftex.sty
Package: iftex 2020/03/06 v1.0d TeX engine tests
))
\Gm@cnth=\count188
\Gm@cntv=\count189
\c@Gm@tempcnt=\count190
\Gm@bindingoffset=\dimen144
\Gm@wd@mp=\dimen145
\Gm@odd@mp=\dimen146
\Gm@even@mp=\dimen147
\Gm@layoutwidth=\dimen148
\Gm@layoutheight=\dimen149
\Gm@layouthoffset=\dimen150
\Gm@layoutvoffset=\dimen151
\Gm@dimlist=\toks21
)
(d:/TexLive/texlive/2020/texmf-dist/tex/latex/txfonts/txfonts.sty
Package: txfonts 2008/01/22 v3.2.1
LaTeX Font Info:    Redeclaring symbol font `operators' on input line 21.
LaTeX Font Info:    Overwriting symbol font `operators' in version `normal'
(Font)                  OT1/cmr/m/n --> OT1/txr/m/n on input line 21.
LaTeX Font Info:    Overwriting symbol font `operators' in version `bold'
(Font)                  OT1/cmr/bx/n --> OT1/txr/m/n on input line 21.
LaTeX Font Info:    Overwriting symbol font `operators' in version `bold'
(Font)                  OT1/txr/m/n --> OT1/txr/bx/n on input line 22.
\symitalic=\mathgroup6
LaTeX Font Info:    Overwriting symbol font `italic' in version `bold'
(Font)                  OT1/txr/m/it --> OT1/txr/bx/it on input line 26.
LaTeX Font Info:    Redeclaring math alphabet \mathbf on input line 29.
LaTeX Font Info:    Overwriting math alphabet `\mathbf' in version `normal'
(Font)                  OT1/cmr/bx/n --> OT1/txr/bx/n on input line 29.
LaTeX Font Info:    Overwriting math alphabet `\mathbf' in version `bold'
(Font)                  OT1/cmr/bx/n --> OT1/txr/bx/n on input line 29.
LaTeX Font Info:    Redeclaring math alphabet \mathit on input line 30.
LaTeX Font Info:    Overwriting math alphabet `\mathit' in version `normal'
(Font)                  OT1/cmr/m/it --> OT1/txr/m/it on input line 30.
LaTeX Font Info:    Overwriting math alphabet `\mathit' in version `bold'
(Font)                  OT1/cmr/bx/it --> OT1/txr/m/it on input line 30.
LaTeX Font Info:    Overwriting math alphabet `\mathit' in version `bold'
(Font)                  OT1/txr/m/it --> OT1/txr/bx/it on input line 31.
LaTeX Font Info:    Redeclaring math alphabet \mathsf on input line 40.
LaTeX Font Info:    Overwriting math alphabet `\mathsf' in version `normal'
(Font)                  OT1/cmss/m/n --> OT1/txss/m/n on input line 40.
LaTeX Font Info:    Overwriting math alphabet `\mathsf' in version `bold'
(Font)                  OT1/cmss/bx/n --> OT1/txss/m/n on input line 40.
LaTeX Font Info:    Overwriting math alphabet `\mathsf' in version `bold'
(Font)                  OT1/txss/m/n --> OT1/txss/b/n on input line 41.
LaTeX Font Info:    Redeclaring math alphabet \mathtt on input line 50.
LaTeX Font Info:    Overwriting math alphabet `\mathtt' in version `normal'
(Font)                  OT1/cmtt/m/n --> OT1/txtt/m/n on input line 50.
LaTeX Font Info:    Overwriting math alphabet `\mathtt' in version `bold'
(Font)                  OT1/cmtt/m/n --> OT1/txtt/m/n on input line 50.
LaTeX Font Info:    Overwriting math alphabet `\mathtt' in version `bold'
(Font)                  OT1/txtt/m/n --> OT1/txtt/b/n on input line 51.
LaTeX Font Info:    Redeclaring symbol font `letters' on input line 58.
LaTeX Font Info:    Overwriting symbol font `letters' in version `normal'
(Font)                  OML/cmm/m/it --> OML/txmi/m/it on input line 58.
LaTeX Font Info:    Overwriting symbol font `letters' in version `bold'
(Font)                  OML/cmm/b/it --> OML/txmi/m/it on input line 58.
LaTeX Font Info:    Overwriting symbol font `letters' in version `bold'
(Font)                  OML/txmi/m/it --> OML/txmi/bx/it on input line 59.
\symlettersA=\mathgroup7
LaTeX Font Info:    Overwriting symbol font `lettersA' in version `bold'
(Font)                  U/txmia/m/it --> U/txmia/bx/it on input line 67.
LaTeX Font Info:    Redeclaring math alphabet \mathfrak on input line 70.
LaTeX Font Info:    Redeclaring symbol font `symbols' on input line 77.
LaTeX Font Info:    Overwriting symbol font `symbols' in version `normal'
(Font)                  OMS/cmsy/m/n --> OMS/txsy/m/n on input line 77.
LaTeX Font Info:    Overwriting symbol font `symbols' in version `bold'
(Font)                  OMS/cmsy/b/n --> OMS/txsy/m/n on input line 77.
LaTeX Font Info:    Overwriting symbol font `symbols' in version `bold'
(Font)                  OMS/txsy/m/n --> OMS/txsy/bx/n on input line 78.
LaTeX Font Info:    Redeclaring symbol font `AMSa' on input line 93.
LaTeX Font Info:    Overwriting symbol font `AMSa' in version `normal'
(Font)                  U/msa/m/n --> U/txsya/m/n on input line 93.
LaTeX Font Info:    Overwriting symbol font `AMSa' in version `bold'
(Font)                  U/msa/m/n --> U/txsya/m/n on input line 93.
LaTeX Font Info:    Overwriting symbol font `AMSa' in version `bold'
(Font)                  U/txsya/m/n --> U/txsya/bx/n on input line 94.
LaTeX Font Info:    Redeclaring symbol font `AMSb' on input line 102.
LaTeX Font Info:    Overwriting symbol font `AMSb' in version `normal'
(Font)                  U/msb/m/n --> U/txsyb/m/n on input line 102.
LaTeX Font Info:    Overwriting symbol font `AMSb' in version `bold'
(Font)                  U/msb/m/n --> U/txsyb/m/n on input line 102.
LaTeX Font Info:    Overwriting symbol font `AMSb' in version `bold'
(Font)                  U/txsyb/m/n --> U/txsyb/bx/n on input line 103.
\symsymbolsC=\mathgroup8
LaTeX Font Info:    Overwriting symbol font `symbolsC' in version `bold'
(Font)                  U/txsyc/m/n --> U/txsyc/bx/n on input line 113.
LaTeX Font Info:    Redeclaring symbol font `largesymbols' on input line 120.
LaTeX Font Info:    Overwriting symbol font `largesymbols' in version `normal'
(Font)                  OMX/cmex/m/n --> OMX/txex/m/n on input line 120.
LaTeX Font Info:    Overwriting symbol font `largesymbols' in version `bold'
(Font)                  OMX/cmex/m/n --> OMX/txex/m/n on input line 120.
LaTeX Font Info:    Overwriting symbol font `largesymbols' in version `bold'
(Font)                  OMX/txex/m/n --> OMX/txex/bx/n on input line 121.
\symlargesymbolsA=\mathgroup9
LaTeX Font Info:    Overwriting symbol font `largesymbolsA' in version `bold'
(Font)                  U/txexa/m/n --> U/txexa/bx/n on input line 129.
LaTeX Font Info:    Redeclaring math symbol \mathsterling on input line 164.
LaTeX Info: Redefining \not on input line 1043.
)
(d:/TexLive/texlive/2020/texmf-dist/tex/latex/cjk-ko/kotex.sty
Package: kotex 2015/04/19 v1.6 Korean TeX (ko.TeX)

(d:/TexLive/texlive/2020/texmf-dist/tex/latex/kotex-utf/kotex.cfg)
(d:/TexLive/texlive/2020/texmf-dist/tex/latex/kotex-utf/kotexutf.sty
Package: kotexutf 2015/07/18 v2.1.1 typesetting UTF-8 Korean documents

(d:/TexLive/texlive/2020/texmf-dist/tex/latex/base/inputenc.sty
Package: inputenc 2018/08/11 v1.3c Input encoding file
\inpenc@prehook=\toks22
\inpenc@posthook=\toks23
)
(d:/TexLive/texlive/2020/texmf-dist/tex/plain/kotex-plain/kotexutf-core.tex
\unih@ngulpoint=\count191
\dhucs@emph@raise=\dimen152
)
Now handling font encoding LUC ...
... processing UTF-8 mapping file for font encoding LUC

(d:/TexLive/texlive/2020/texmf-dist/tex/latex/kotex-utf/lucenc.dfu
File: lucenc.dfu 2007/09/05 UTF-8 support for dhucs
   defining Unicode char U+00B7 (decimal 183)
   defining Unicode char U+2018 (decimal 8216)
   defining Unicode char U+2019 (decimal 8217)
   defining Unicode char U+201C (decimal 8220)
   defining Unicode char U+201D (decimal 8221)
   defining Unicode char U+3001 (decimal 12289)
   defining Unicode char U+3002 (decimal 12290)
   defining Unicode char U+3008 (decimal 12296)
   defining Unicode char U+3009 (decimal 12297)
   defining Unicode char U+300A (decimal 12298)
   defining Unicode char U+300B (decimal 12299)
   defining Unicode char U+300C (decimal 12300)
   defining Unicode char U+300D (decimal 12301)
   defining Unicode char U+300E (decimal 12302)
   defining Unicode char U+300F (decimal 12303)
   defining Unicode char U+3010 (decimal 12304)
   defining Unicode char U+3011 (decimal 12305)
   defining Unicode char U+3014 (decimal 12308)
   defining Unicode char U+3015 (decimal 12309)
   defining Unicode char U+3016 (decimal 12310)
   defining Unicode char U+3017 (decimal 12311)
   defining Unicode char U+3018 (decimal 12312)
   defining Unicode char U+3019 (decimal 12313)
   defining Unicode char U+301A (decimal 12314)
   defining Unicode char U+301B (decimal 12315)
   defining Unicode char U+FF01 (decimal 65281)
   defining Unicode char U+FF08 (decimal 65288)
   defining Unicode char U+FF09 (decimal 65289)
   defining Unicode char U+FF0C (decimal 65292)
   defining Unicode char U+FF0E (decimal 65294)
   defining Unicode char U+FF1A (decimal 65306)
   defining Unicode char U+FF1B (decimal 65307)
   defining Unicode char U+FF1C (decimal 65308)
   defining Unicode char U+FF1D (decimal 65309)
   defining Unicode char U+FF1E (decimal 65310)
   defining Unicode char U+FF1F (decimal 65311)
   defining Unicode char U+FF3B (decimal 65339)
   defining Unicode char U+FF3D (decimal 65341)
   defining Unicode char U+FF5B (decimal 65371)
   defining Unicode char U+FF5D (decimal 65373)
   defining Unicode char U+FF61 (decimal 65377)
   defining Unicode char U+FF62 (decimal 65378)
   defining Unicode char U+FF63 (decimal 65379)
   defining Unicode char U+FF64 (decimal 65380)
   defining Unicode char U+FF65 (decimal 65381)
)
\@josa=\count192
\josatoks=\toks24

(d:/TexLive/texlive/2020/texmf-dist/tex/latex/cjk-ko/kolabels-utf.sty
Package: kolabels-utf 2015/03/20 v1.5 UTF-8 Hangul item labels
)))
(d:/TexLive/texlive/2020/texmf-dist/tex/latex/graphics/graphicx.sty
Package: graphicx 2019/11/30 v1.2a Enhanced LaTeX Graphics (DPC,SPQR)

(d:/TexLive/texlive/2020/texmf-dist/tex/latex/graphics/graphics.sty
Package: graphics 2019/11/30 v1.4a Standard LaTeX Graphics (DPC,SPQR)

(d:/TexLive/texlive/2020/texmf-dist/tex/latex/graphics/trig.sty
Package: trig 2016/01/03 v1.10 sin cos tan (DPC)
)
(d:/TexLive/texlive/2020/texmf-dist/tex/latex/graphics-cfg/graphics.cfg
File: graphics.cfg 2016/06/04 v1.11 sample graphics configuration
)
Package graphics Info: Driver file: pdftex.def on input line 105.

(d:/TexLive/texlive/2020/texmf-dist/tex/latex/graphics-def/pdftex.def
File: pdftex.def 2020/08/26 v1.2 Graphics/color driver for pdftex
))
\Gin@req@height=\dimen153
\Gin@req@width=\dimen154
)
(d:/TexLive/texlive/2020/texmf-dist/tex/latex/algorithms/algorithm.sty
Package: algorithm 2009/08/24 v0.1 Document Style `algorithm' - floating enviro
nment

(d:/TexLive/texlive/2020/texmf-dist/tex/latex/float/float.sty
Package: float 2001/11/08 v1.3d Float enhancements (AL)
\c@float@type=\count193
\float@exts=\toks25
\float@box=\box47
\@float@everytoks=\toks26
\@floatcapt=\box48
)
(d:/TexLive/texlive/2020/texmf-dist/tex/latex/base/ifthen.sty
Package: ifthen 2014/09/29 v1.1c Standard LaTeX ifthen package (DPC)
)
\@float@every@algorithm=\toks27
\c@algorithm=\count194
)
(d:/TexLive/texlive/2020/texmf-dist/tex/latex/algorithmicx/algpseudocode.sty
Package: algpseudocode 

(d:/TexLive/texlive/2020/texmf-dist/tex/latex/algorithmicx/algorithmicx.sty
Package: algorithmicx 2005/04/27 v1.2 Algorithmicx

Document Style algorithmicx 1.2 - a greatly improved `algorithmic' style
\c@ALG@line=\count195
\c@ALG@rem=\count196
\c@ALG@nested=\count197
\ALG@tlm=\skip52
\ALG@thistlm=\skip53
\c@ALG@Lnr=\count198
\c@ALG@blocknr=\count199
\c@ALG@storecount=\count266
\c@ALG@tmpcounter=\count267
\ALG@tmplength=\skip54
)
Document Style - pseudocode environments for use with the `algorithmicx' style
) (d:/TexLive/texlive/2020/texmf-dist/tex/latex/fancyvrb/fancyvrb.sty
Package: fancyvrb 2020/05/03 v3.6 verbatim text (tvz,hv)
\FV@CodeLineNo=\count268
\FV@InFile=\read2
\FV@TabBox=\box49
\c@FancyVerbLine=\count269
\FV@StepNumber=\count270
\FV@OutFile=\write3
)
(d:/TexLive/texlive/2020/texmf-dist/tex/latex/l3backend/l3backend-pdfmode.def
File: l3backend-pdfmode.def 2020-08-07 L3 backend support: PDF mode
\l__kernel_color_stack_int=\count271
\l__pdf_internal_box=\box50
)
(./hw7_B935394.aux)
\openout1 = `hw7_B935394.aux'.

LaTeX Font Info:    Checking defaults for OML/txmi/m/it on input line 11.
LaTeX Font Info:    Trying to load font information for OML+txmi on input line 
11.

(d:/TexLive/texlive/2020/texmf-dist/tex/latex/txfonts/omltxmi.fd
File: omltxmi.fd 2000/12/15 v3.1
)
LaTeX Font Info:    ... okay on input line 11.
LaTeX Font Info:    Checking defaults for OMS/txsy/m/n on input line 11.
LaTeX Font Info:    Trying to load font information for OMS+txsy on input line 
11.

(d:/TexLive/texlive/2020/texmf-dist/tex/latex/txfonts/omstxsy.fd
File: omstxsy.fd 2000/12/15 v3.1
)
LaTeX Font Info:    ... okay on input line 11.
LaTeX Font Info:    Checking defaults for OT1/cmr/m/n on input line 11.
LaTeX Font Info:    ... okay on input line 11.
LaTeX Font Info:    Checking defaults for T1/cmr/m/n on input line 11.
LaTeX Font Info:    ... okay on input line 11.
LaTeX Font Info:    Checking defaults for TS1/cmr/m/n on input line 11.
LaTeX Font Info:    ... okay on input line 11.
LaTeX Font Info:    Checking defaults for OMX/txex/m/n on input line 11.
LaTeX Font Info:    Trying to load font information for OMX+txex on input line 
11.

(d:/TexLive/texlive/2020/texmf-dist/tex/latex/txfonts/omxtxex.fd
File: omxtxex.fd 2000/12/15 v3.1
)
LaTeX Font Info:    ... okay on input line 11.
LaTeX Font Info:    Checking defaults for U/txexa/m/n on input line 11.
LaTeX Font Info:    Trying to load font information for U+txexa on input line 1
1.

(d:/TexLive/texlive/2020/texmf-dist/tex/latex/txfonts/utxexa.fd
File: utxexa.fd 2000/12/15 v3.1
)
LaTeX Font Info:    ... okay on input line 11.
LaTeX Font Info:    Checking defaults for LUC/nanummj/m/n on input line 11.
LaTeX Font Info:    Trying to load font information for LUC+nanummj on input li
ne 11.

(d:/TexLive/texlive/2020/texmf-dist/tex/latex/nanumtype1/lucnanummj.fd
File: lucnanummj.fd 2013/02/12 v0.1 Nanum Myeongjo font definitions
)
LaTeX Font Info:    ... okay on input line 11.
LaTeX Font Info:    Trying to load font information for OT1+txr on input line 1
1.

(d:/TexLive/texlive/2020/texmf-dist/tex/latex/txfonts/ot1txr.fd
File: ot1txr.fd 2000/12/15 v3.1
)
*geometry* driver: auto-detecting
*geometry* detected driver: pdftex
*geometry* verbose mode - [ preamble ] result:
* driver: pdftex
* paper: a4paper
* layout: <same size as paper>
* layoutoffset:(h,v)=(0.0pt,0.0pt)
* modes: 
* h-part:(L,W,R)=(54.06023pt, 489.38742pt, 54.06023pt)
* v-part:(T,H,B)=(113.81102pt, 617.4248pt, 113.81102pt)
* \paperwidth=597.50787pt
* \paperheight=845.04684pt
* \textwidth=489.38742pt
* \textheight=617.4248pt
* \oddsidemargin=-18.20976pt
* \evensidemargin=-18.20976pt
* \topmargin=4.54103pt
* \headheight=12.0pt
* \headsep=25.0pt
* \topskip=11.0pt
* \footskip=30.0pt
* \marginparwidth=50.0pt
* \marginparsep=10.0pt
* \columnsep=10.0pt
* \skip\footins=10.0pt plus 4.0pt minus 2.0pt
* \hoffset=0.0pt
* \voffset=0.0pt
* \mag=1000
* \@twocolumnfalse
* \@twosidefalse
* \@mparswitchfalse
* \@reversemarginfalse
* (1in=72.27pt=25.4mm, 1cm=28.453pt)

(d:/TexLive/texlive/2020/texmf-dist/tex/context/base/mkii/supp-pdf.mkii
[Loading MPS to PDF converter (version 2006.09.02).]
\scratchcounter=\count272
\scratchdimen=\dimen155
\scratchbox=\box51
\nofMPsegments=\count273
\nofMParguments=\count274
\everyMPshowfont=\toks28
\MPscratchCnt=\count275
\MPscratchDim=\dimen156
\MPnumerator=\count276
\makeMPintoPDFobject=\count277
\everyMPtoPDFconversion=\toks29
) (d:/TexLive/texlive/2020/texmf-dist/tex/latex/epstopdf-pkg/epstopdf-base.sty
Package: epstopdf-base 2020-01-24 v2.11 Base part for package epstopdf
Package epstopdf-base Info: Redefining graphics rule for `.eps' on input line 4
85.

(d:/TexLive/texlive/2020/texmf-dist/tex/latex/latexconfig/epstopdf-sys.cfg
File: epstopdf-sys.cfg 2010/07/13 v1.3 Configuration of (r)epstopdf for TeX Liv
e
))
LaTeX Font Info:    Trying to load font information for U+txsya on input line 1
4.

(d:/TexLive/texlive/2020/texmf-dist/tex/latex/txfonts/utxsya.fd
File: utxsya.fd 2000/12/15 v3.1
)
LaTeX Font Info:    Trying to load font information for U+txsyb on input line 1
4.

(d:/TexLive/texlive/2020/texmf-dist/tex/latex/txfonts/utxsyb.fd
File: utxsyb.fd 2000/12/15 v3.1
)
LaTeX Font Info:    Trying to load font information for U+txmia on input line 1
4.

(d:/TexLive/texlive/2020/texmf-dist/tex/latex/txfonts/utxmia.fd
File: utxmia.fd 2000/12/15 v3.1
)
LaTeX Font Info:    Trying to load font information for U+txsyc on input line 1
4.

(d:/TexLive/texlive/2020/texmf-dist/tex/latex/txfonts/utxsyc.fd
File: utxsyc.fd 2000/12/15 v3.1
) [1

{d:/TexLive/texlive/2020/texmf-var/fonts/map/pdftex/updmap/pdftex.map}]
LaTeX Font Info:    Font shape `OT1/txr/b/n' in size <14.4> not available
(Font)              Font shape `OT1/txr/bx/n' tried instead on input line 17.
<bt_insert.jpg, id=18, 1254.18562pt x 295.1025pt>
File: bt_insert.jpg Graphic file (type jpg)
<use bt_insert.jpg>
Package pdftex.def Info: bt_insert.jpg  used on input line 21.
(pdftex.def)             Requested size: 342.56969pt x 80.60182pt.
LaTeX Font Info:    Trying to load font information for OT1+txtt on input line 
27.

(d:/TexLive/texlive/2020/texmf-dist/tex/latex/txfonts/ot1txtt.fd
File: ot1txtt.fd 2000/12/15 v3.1
)
LaTeX Font Info:    Trying to load font information for LUC+nanumgt on input li
ne 40.

(d:/TexLive/texlive/2020/texmf-dist/tex/latex/nanumtype1/lucnanumgt.fd
File: lucnanumgt.fd 2013/02/12 v0.1 Nanum Gothic font definitions
)
[2 <./bt_insert.jpg>]
<bt_struct.jpg, id=70, 1242.89343pt x 493.845pt>
File: bt_struct.jpg Graphic file (type jpg)
<use bt_struct.jpg>
Package pdftex.def Info: bt_struct.jpg  used on input line 83.
(pdftex.def)             Requested size: 342.56969pt x 136.11298pt.
 [3 <./bt_struct.jpg>] [4] [5] [6]
LaTeX Font Info:    Font shape `LUC/nanummj/b/n' in size <14.4> not available
(Font)              Font shape `LUC/nanummj/bx/n' tried instead on input line 2
38.
LaTeX Font Info:    Trying to load font information for TS1+txr on input line 2
40.

(d:/TexLive/texlive/2020/texmf-dist/tex/latex/txfonts/ts1txr.fd
File: ts1txr.fd 2000/12/15 v3.1
) [7]
(./hw7_B935394.aux) ) 
Here is how much of TeX's memory you used:
 5128 strings out of 480893
 70502 string characters out of 5908061
 311564 words of memory out of 5000000
 20556 multiletter control sequences out of 15000+600000
 580946 words of font info for 168 fonts, out of 8000000 for 9000
 1141 hyphenation exceptions out of 8191
 36i,7n,33p,802b,278s stack positions out of 5000i,500n,10000p,200000b,80000s
{d:/TexLive/texlive/2020/texmf-dist/fonts/enc/dvips/base/8
r.enc}<d:/TexLive/texlive/2020/texmf-dist/fonts/type1/public/nanumtype1/nanumgt
mac.pfb><d:/TexLive/texlive/2020/texmf-dist/fonts/type1/public/nanumtype1/nanum
gtmb1.pfb><d:/TexLive/texlive/2020/texmf-dist/fonts/type1/public/nanumtype1/nan
umgtmb2.pfb><d:/TexLive/texlive/2020/texmf-dist/fonts/type1/public/nanumtype1/n
anumgtmb3.pfb><d:/TexLive/texlive/2020/texmf-dist/fonts/type1/public/nanumtype1
/nanumgtmb4.pfb><d:/TexLive/texlive/2020/texmf-dist/fonts/type1/public/nanumtyp
e1/nanumgtmb5.pfb><d:/TexLive/texlive/2020/texmf-dist/fonts/type1/public/nanumt
ype1/nanumgtmb7.pfb><d:/TexLive/texlive/2020/texmf-dist/fonts/type1/public/nanu
mtype1/nanumgtmb8.pfb><d:/TexLive/texlive/2020/texmf-dist/fonts/type1/public/na
numtype1/nanumgtmb9.pfb><d:/TexLive/texlive/2020/texmf-dist/fonts/type1/public/
nanumtype1/nanumgtmba.pfb><d:/TexLive/texlive/2020/texmf-dist/fonts/type1/publi
c/nanumtype1/nanumgtmbb.pfb><d:/TexLive/texlive/2020/texmf-dist/fonts/type1/pub
lic/nanumtype1/nanumgtmbc.pfb><d:/TexLive/texlive/2020/texmf-dist/fonts/type1/p
ublic/nanumtype1/nanumgtmbd.pfb><d:/TexLive/texlive/2020/texmf-dist/fonts/type1
/public/nanumtype1/nanumgtmc0.pfb><d:/TexLive/texlive/2020/texmf-dist/fonts/typ
e1/public/nanumtype1/nanumgtmc1.pfb><d:/TexLive/texlive/2020/texmf-dist/fonts/t
ype1/public/nanumtype1/nanumgtmc2.pfb><d:/TexLive/texlive/2020/texmf-dist/fonts
/type1/public/nanumtype1/nanumgtmc5.pfb><d:/TexLive/texlive/2020/texmf-dist/fon
ts/type1/public/nanumtype1/nanumgtmc6.pfb><d:/TexLive/texlive/2020/texmf-dist/f
onts/type1/public/nanumtype1/nanumgtmc7.pfb><d:/TexLive/texlive/2020/texmf-dist
/fonts/type1/public/nanumtype1/nanumgtmc8.pfb><d:/TexLive/texlive/2020/texmf-di
st/fonts/type1/public/nanumtype1/nanumgtmc9.pfb><d:/TexLive/texlive/2020/texmf-
dist/fonts/type1/public/nanumtype1/nanumgtmca.pfb><d:/TexLive/texlive/2020/texm
f-dist/fonts/type1/public/nanumtype1/nanumgtmcb.pfb><d:/TexLive/texlive/2020/te
xmf-dist/fonts/type1/public/nanumtype1/nanumgtmcd.pfb><d:/TexLive/texlive/2020/
texmf-dist/fonts/type1/public/nanumtype1/nanumgtmce.pfb><d:/TexLive/texlive/202
0/texmf-dist/fonts/type1/public/nanumtype1/nanumgtmd0.pfb><d:/TexLive/texlive/2
020/texmf-dist/fonts/type1/public/nanumtype1/nanumgtmd1.pfb><d:/TexLive/texlive
/2020/texmf-dist/fonts/type1/public/nanumtype1/nanumgtmd2.pfb><d:/TexLive/texli
ve/2020/texmf-dist/fonts/type1/public/nanumtype1/nanumgtmd3.pfb><d:/TexLive/tex
live/2020/texmf-dist/fonts/type1/public/nanumtype1/nanumgtmd4.pfb><d:/TexLive/t
exlive/2020/texmf-dist/fonts/type1/public/nanumtype1/nanumgtmd5.pfb><d:/TexLive
/texlive/2020/texmf-dist/fonts/type1/public/nanumtype1/nanumgtmd6.pfb><d:/TexLi
ve/texlive/2020/texmf-dist/fonts/type1/public/nanumtype1/nanummjbac.pfb><d:/Tex
Live/texlive/2020/texmf-dist/fonts/type1/public/nanumtype1/nanummjbb3.pfb><d:/T
exLive/texlive/2020/texmf-dist/fonts/type1/public/nanumtype1/nanummjbb8.pfb><d:
/TexLive/texlive/2020/texmf-dist/fonts/type1/public/nanumtype1/nanummjbba.pfb><
d:/TexLive/texlive/2020/texmf-dist/fonts/type1/public/nanumtype1/nanummjbc1.pfb
><d:/TexLive/texlive/2020/texmf-dist/fonts/type1/public/nanumtype1/nanummjbc5.p
fb><d:/TexLive/texlive/2020/texmf-dist/fonts/type1/public/nanumtype1/nanummjbc6
.pfb><d:/TexLive/texlive/2020/texmf-dist/fonts/type1/public/nanumtype1/nanummjb
c8.pfb><d:/TexLive/texlive/2020/texmf-dist/fonts/type1/public/nanumtype1/nanumm
jbd5.pfb><d:/TexLive/texlive/2020/texmf-dist/fonts/type1/public/nanumtype1/nanu
mmjmac.pfb><d:/TexLive/texlive/2020/texmf-dist/fonts/type1/public/nanumtype1/na
nummjmad.pfb><d:/TexLive/texlive/2020/texmf-dist/fonts/type1/public/nanumtype1/
nanummjmae.pfb><d:/TexLive/texlive/2020/texmf-dist/fonts/type1/public/nanumtype
1/nanummjmaf.pfb><d:/TexLive/texlive/2020/texmf-dist/fonts/type1/public/nanumty
pe1/nanummjmb0.pfb><d:/TexLive/texlive/2020/texmf-dist/fonts/type1/public/nanum
type1/nanummjmb1.pfb><d:/TexLive/texlive/2020/texmf-dist/fonts/type1/public/nan
umtype1/nanummjmb2.pfb><d:/TexLive/texlive/2020/texmf-dist/fonts/type1/public/n
anumtype1/nanummjmb3.pfb><d:/TexLive/texlive/2020/texmf-dist/fonts/type1/public
/nanumtype1/nanummjmb4.pfb><d:/TexLive/texlive/2020/texmf-dist/fonts/type1/publ
ic/nanumtype1/nanummjmb5.pfb><d:/TexLive/texlive/2020/texmf-dist/fonts/type1/pu
blic/nanumtype1/nanummjmb6.pfb><d:/TexLive/texlive/2020/texmf-dist/fonts/type1/
public/nanumtype1/nanummjmb7.pfb><d:/TexLive/texlive/2020/texmf-dist/fonts/type
1/public/nanumtype1/nanummjmb8.pfb><d:/TexLive/texlive/2020/texmf-dist/fonts/ty
pe1/public/nanumtype1/nanummjmb9.pfb><d:/TexLive/texlive/2020/texmf-dist/fonts/
type1/public/nanumtype1/nanummjmba.pfb><d:/TexLive/texlive/2020/texmf-dist/font
s/type1/public/nanumtype1/nanummjmbb.pfb><d:/TexLive/texlive/2020/texmf-dist/fo
nts/type1/public/nanumtype1/nanummjmbc.pfb><d:/TexLive/texlive/2020/texmf-dist/
fonts/type1/public/nanumtype1/nanummjmbd.pfb><d:/TexLive/texlive/2020/texmf-dis
t/fonts/type1/public/nanumtype1/nanummjmbe.pfb><d:/TexLive/texlive/2020/texmf-d
ist/fonts/type1/public/nanumtype1/nanummjmc0.pfb><d:/TexLive/texlive/2020/texmf
-dist/fonts/type1/public/nanumtype1/nanummjmc1.pfb><d:/TexLive/texlive/2020/tex
mf-dist/fonts/type1/public/nanumtype1/nanummjmc2.pfb><d:/TexLive/texlive/2020/t
exmf-dist/fonts/type1/public/nanumtype1/nanummjmc3.pfb><d:/TexLive/texlive/2020
/texmf-dist/fonts/type1/public/nanumtype1/nanummjmc4.pfb><d:/TexLive/texlive/20
20/texmf-dist/fonts/type1/public/nanumtype1/nanummjmc5.pfb><d:/TexLive/texlive/
2020/texmf-dist/fonts/type1/public/nanumtype1/nanummjmc6.pfb><d:/TexLive/texliv
e/2020/texmf-dist/fonts/type1/public/nanumtype1/nanummjmc7.pfb><d:/TexLive/texl
ive/2020/texmf-dist/fonts/type1/public/nanumtype1/nanummjmc8.pfb><d:/TexLive/te
xlive/2020/texmf-dist/fonts/type1/public/nanumtype1/nanummjmc9.pfb><d:/TexLive/
texlive/2020/texmf-dist/fonts/type1/public/nanumtype1/nanummjmcc.pfb><d:/TexLiv
e/texlive/2020/texmf-dist/fonts/type1/public/nanumtype1/nanummjmcd.pfb><d:/TexL
ive/texlive/2020/texmf-dist/fonts/type1/public/nanumtype1/nanummjmce.pfb><d:/Te
xLive/texlive/2020/texmf-dist/fonts/type1/public/nanumtype1/nanummjmcf.pfb><d:/
TexLive/texlive/2020/texmf-dist/fonts/type1/public/nanumtype1/nanummjmd0.pfb><d
:/TexLive/texlive/2020/texmf-dist/fonts/type1/public/nanumtype1/nanummjmd1.pfb>
<d:/TexLive/texlive/2020/texmf-dist/fonts/type1/public/nanumtype1/nanummjmd2.pf
b><d:/TexLive/texlive/2020/texmf-dist/fonts/type1/public/nanumtype1/nanummjmd3.
pfb><d:/TexLive/texlive/2020/texmf-dist/fonts/type1/public/nanumtype1/nanummjmd
4.pfb><d:/TexLive/texlive/2020/texmf-dist/fonts/type1/public/nanumtype1/nanummj
md5.pfb><d:/TexLive/texlive/2020/texmf-dist/fonts/type1/public/nanumtype1/nanum
mjmd6.pfb><d:/TexLive/texlive/2020/texmf-dist/fonts/type1/public/nanumtype1/nan
ummjmd7.pfb><d:/TexLive/texlive/2020/texmf-dist/fonts/type1/public/txfonts/rtcx
r.pfb><d:/TexLive/texlive/2020/texmf-dist/fonts/type1/public/txfonts/rtxr.pfb><
d:/TexLive/texlive/2020/texmf-dist/fonts/type1/public/txfonts/txtt.pfb><d:/TexL
ive/texlive/2020/texmf-dist/fonts/type1/urw/times/utmb8a.pfb><d:/TexLive/texliv
e/2020/texmf-dist/fonts/type1/urw/times/utmr8a.pfb>
Output written on hw7_B935394.pdf (7 pages, 3192796 bytes).
PDF statistics:
 381 PDF objects out of 1000 (max. 8388607)
 280 compressed objects within 3 object streams
 0 named destinations out of 1000 (max. 500000)
 11 words of extra memory for PDF output out of 10000 (max. 10000000)

